ERROR - [2020-May-26 17:45:26.127283] 127.0.0.1 POST http/api/denuncias/denuncia?
ERROR - Traceback (most recent call last):
  File "E:\proyectos\CENACE-CE\API-CE\api\services\Denuncias\endpoints\api_denuncias.py", line 44, in post
    denuncia.save()
  File "C:\ProgramData\Anaconda3\lib\site-packages\mongoengine\document.py", line 392, in save
    self.validate(clean=clean)
  File "C:\ProgramData\Anaconda3\lib\site-packages\mongoengine\base\document.py", line 450, in validate
    raise ValidationError(message, errors=errors)
mongoengine.errors.ValidationError: ValidationError (Formulario:None) (Field is required: ['id_denuncia'] cannot parse date "<mongoengine.fields.DateTimeField object at 0x000001F9507A2908>": ['actualizado'])

ERROR - [2020-May-26 17:47:23.741256] 127.0.0.1 POST http/api/denuncias/denuncia?
ERROR - Traceback (most recent call last):
  File "E:\proyectos\CENACE-CE\API-CE\api\services\Denuncias\endpoints\api_denuncias.py", line 44, in post
    denuncia.save()
  File "C:\ProgramData\Anaconda3\lib\site-packages\mongoengine\document.py", line 392, in save
    self.validate(clean=clean)
  File "C:\ProgramData\Anaconda3\lib\site-packages\mongoengine\base\document.py", line 450, in validate
    raise ValidationError(message, errors=errors)
mongoengine.errors.ValidationError: ValidationError (Formulario:None) (Field is required: ['id_denuncia'] cannot parse date "<mongoengine.fields.DateTimeField object at 0x000001F9507F1390>": ['actualizado'])

ERROR - [2020-May-26 17:48:02.519694] 127.0.0.1 POST http/api/denuncias/denuncia?
ERROR - Traceback (most recent call last):
  File "E:\proyectos\CENACE-CE\API-CE\api\services\Denuncias\endpoints\api_denuncias.py", line 44, in post
    denuncia.save()
  File "C:\ProgramData\Anaconda3\lib\site-packages\mongoengine\document.py", line 392, in save
    self.validate(clean=clean)
  File "C:\ProgramData\Anaconda3\lib\site-packages\mongoengine\base\document.py", line 450, in validate
    raise ValidationError(message, errors=errors)
mongoengine.errors.ValidationError: ValidationError (Formulario:None) (cannot parse date "<mongoengine.fields.DateTimeField object at 0x00000133EB0FBFD0>": ['actualizado'])

ERROR - [2020-May-26 17:50:35.847990] 127.0.0.1 POST http/api/denuncias/denuncia?
ERROR - Traceback (most recent call last):
  File "E:\proyectos\CENACE-CE\API-CE\api\services\Denuncias\endpoints\api_denuncias.py", line 44, in post
    denuncia.save()
  File "C:\ProgramData\Anaconda3\lib\site-packages\mongoengine\document.py", line 392, in save
    self.validate(clean=clean)
  File "C:\ProgramData\Anaconda3\lib\site-packages\mongoengine\base\document.py", line 450, in validate
    raise ValidationError(message, errors=errors)
mongoengine.errors.ValidationError: ValidationError (Formulario:None) (cannot parse date "<mongoengine.fields.DateTimeField object at 0x0000011CE7285E10>": ['actualizado'])

ERROR - [2020-May-26 18:23:03.511462] 127.0.0.1 POST http/api/denuncias/denuncia/123213132/evidencias?
ERROR - Traceback (most recent call last):
  File "E:\proyectos\CENACE-CE\API-CE\api\services\Denuncias\endpoints\api_denuncias.py", line 62, in post
    with open(destination, 'wb') as f:
PermissionError: [Errno 13] Permission denied: 'E:\\proyectos\\CENACE-CE\\API-CE\\_db\\files\\123213132\\cg00246.pdf'

ERROR - [2020-May-26 18:24:43.411284] 127.0.0.1 POST http/api/denuncias/denuncia/123213132/evidencias?
ERROR - Traceback (most recent call last):
  File "E:\proyectos\CENACE-CE\API-CE\api\services\Denuncias\endpoints\api_denuncias.py", line 62, in post
    with open(destination, 'wb') as f:
PermissionError: [Errno 13] Permission denied: 'E:\\proyectos\\CENACE-CE\\API-CE\\_db\\files\\123213132\\cg00246.pdf'

ERROR - [2020-May-26 18:25:32.428059] 127.0.0.1 POST http/api/denuncias/denuncia/123213132/evidencias?
ERROR - Traceback (most recent call last):
  File "E:\proyectos\CENACE-CE\API-CE\api\services\Denuncias\endpoints\api_denuncias.py", line 62, in post
    with open(destination, 'wb') as f:
PermissionError: [Errno 13] Permission denied: 'E:\\proyectos\\CENACE-CE\\API-CE\\_db\\files\\123213132\\cg00246.pdf'

ERROR - [2020-May-27 10:50:43.957166] 127.0.0.1 GET http/api/denuncias/denuncia/125?
ERROR - Traceback (most recent call last):
  File "E:\proyectos\CENACE-CE\API-CE\api\services\Denuncias\endpoints\api_denuncias.py", line 32, in get
    return denuncia.to_dict(), 200
AttributeError: 'NoneType' object has no attribute 'to_dict'

ERROR - [2020-Jun-01 09:44:22.265143] 127.0.0.1 GET http/api/denuncias/captcha/null?
ERROR - Traceback (most recent call last):
  File "C:\ProgramData\Anaconda3\lib\site-packages\flask\app.py", line 1950, in full_dispatch_request
    rv = self.dispatch_request()
  File "C:\ProgramData\Anaconda3\lib\site-packages\flask\app.py", line 1926, in dispatch_request
    self.raise_routing_exception(req)
  File "C:\ProgramData\Anaconda3\lib\site-packages\flask\app.py", line 1908, in raise_routing_exception
    raise request.routing_exception
  File "C:\ProgramData\Anaconda3\lib\site-packages\flask\ctx.py", line 350, in match_request
    result = self.url_adapter.match(return_rule=True)
  File "C:\ProgramData\Anaconda3\lib\site-packages\werkzeug\routing.py", line 1798, in match
    raise MethodNotAllowed(valid_methods=list(have_match_for))
werkzeug.exceptions.MethodNotAllowed: 405 Method Not Allowed: The method is not allowed for the requested URL.

ERROR - [2020-Jun-01 17:23:43.918659] 127.0.0.1 GET http/api/denuncias/captcha/1591050202335.9797/WDMDWH/verified?
ERROR - Traceback (most recent call last):
  File "C:\ProgramData\Anaconda3\lib\site-packages\flask_restplus\model.py", line 100, in validate
    validator.validate(data)
  File "C:\ProgramData\Anaconda3\lib\site-packages\jsonschema\validators.py", line 353, in validate
    raise error
jsonschema.exceptions.ValidationError: None is not of type 'object'

Failed validating 'type' in schema:
    {'properties': OrderedDict([('ci',
                                 {'description': 'Cï¿½dula del denunciante',
                                  'type': 'string'}),
                                ('nombre_apellidos',
                                 {'description': 'Nombre y apellidos del '
                                                 'denunciante',
                                  'type': 'string'}),
                                ('correo_electronico',
                                 {'description': 'Correo elï¿½ctronico del '
                                                 'denunciante',
                                  'type': 'string'}),
                                ('cargo',
                                 {'description': 'Correo elï¿½ctronico del '
                                                 'denunciante',
                                  'type': 'string'}),
                                ('tipo_tramite',
                                 {'description': "['denuncias', "
                                                 "'consultas']",
                                  'type': 'string'}),
                                ('detalle_tramite',
                                 {'description': 'El detalle del trï¿½mite '
                                                 'realizado',
                                  'type': 'string'})]),
     'required': ['cargo',
                  'ci',
                  'correo_electronico',
                  'detalle_tramite',
                  'nombre_apellidos',
                  'tipo_tramite'],
     'type': 'object'}

On instance:
    None

During handling of the above exception, another exception occurred:

Traceback (most recent call last):
  File "C:\ProgramData\Anaconda3\lib\site-packages\flask\app.py", line 1950, in full_dispatch_request
    rv = self.dispatch_request()
  File "C:\ProgramData\Anaconda3\lib\site-packages\flask\app.py", line 1936, in dispatch_request
    return self.view_functions[rule.endpoint](**req.view_args)
  File "C:\ProgramData\Anaconda3\lib\site-packages\flask_restplus\api.py", line 325, in wrapper
    resp = resource(*args, **kwargs)
  File "C:\ProgramData\Anaconda3\lib\site-packages\flask\views.py", line 89, in view
    return self.dispatch_request(*args, **kwargs)
  File "C:\ProgramData\Anaconda3\lib\site-packages\flask_restplus\resource.py", line 42, in dispatch_request
    self.validate_payload(meth)
  File "C:\ProgramData\Anaconda3\lib\site-packages\flask_restplus\resource.py", line 88, in validate_payload
    self.__validate_payload(expect, collection=False)
  File "C:\ProgramData\Anaconda3\lib\site-packages\flask_restplus\resource.py", line 73, in __validate_payload
    expect.validate(data, self.api.refresolver, self.api.format_checker)
  File "C:\ProgramData\Anaconda3\lib\site-packages\flask_restplus\model.py", line 103, in validate
    errors=dict(self.format_error(e) for e in validator.iter_errors(data)))
  File "C:\ProgramData\Anaconda3\lib\site-packages\flask_restplus\errors.py", line 31, in abort
    flask.abort(code)
  File "C:\ProgramData\Anaconda3\lib\site-packages\werkzeug\exceptions.py", line 772, in abort
    return _aborter(status, *args, **kwargs)
  File "C:\ProgramData\Anaconda3\lib\site-packages\werkzeug\exceptions.py", line 753, in __call__
    raise self.mapping[code](*args, **kwargs)
werkzeug.exceptions.BadRequest: 400 Bad Request: The browser (or proxy) sent a request that this server could not understand.

ERROR - [2020-Jun-01 19:16:22.137725] 127.0.0.1 POST http/api/denuncias/mail?
ERROR - Traceback (most recent call last):
  File "E:\proyectos\CENACE-CE\API-CE\api\services\Denuncias\endpoints\api_denuncias.py", line 154, in post
    send_mail(str_html, "Notificaciï¿½n CENACE CE", [mail], "cenace_ce@cenace.org.ec")
  File "E:\proyectos\CENACE-CE\API-CE\my_lib\send_mail\send_mail.py", line 62, in send_mail
    server = smtplib.SMTP(SERVER)
  File "C:\ProgramData\Anaconda3\lib\smtplib.py", line 251, in __init__
    (code, msg) = self.connect(host, port)
  File "C:\ProgramData\Anaconda3\lib\smtplib.py", line 336, in connect
    self.sock = self._get_socket(host, port, self.timeout)
  File "C:\ProgramData\Anaconda3\lib\smtplib.py", line 307, in _get_socket
    self.source_address)
  File "C:\ProgramData\Anaconda3\lib\socket.py", line 724, in create_connection
    raise err
  File "C:\ProgramData\Anaconda3\lib\socket.py", line 713, in create_connection
    sock.connect(sa)
TimeoutError: [WinError 10060] Se produjo un error durante el intento de conexiï¿½n ya que la parte conectada no respondiï¿½ adecuadamente tras un periodo de tiempo, o bien se produjo un error en la conexiï¿½n establecida ya que el host conectado no ha podido responder

ERROR - [2020-Jun-02 08:37:56.307689] 127.0.0.1 POST http/api/formularios/mail?
ERROR - Traceback (most recent call last):
  File "E:\proyectos\CENACE-CE\API-CE\api\services\Formulario\endpoints\api_form.py", line 154, in post
    send_mail(str_html, "Notificación CENACE CE", [mail], "cenace_ce@cenace.org.ec")
  File "E:\proyectos\CENACE-CE\API-CE\my_lib\send_mail\send_mail.py", line 62, in send_mail
    server = smtplib.SMTP(SERVER)
  File "C:\ProgramData\Anaconda3\lib\smtplib.py", line 251, in __init__
    (code, msg) = self.connect(host, port)
  File "C:\ProgramData\Anaconda3\lib\smtplib.py", line 336, in connect
    self.sock = self._get_socket(host, port, self.timeout)
  File "C:\ProgramData\Anaconda3\lib\smtplib.py", line 307, in _get_socket
    self.source_address)
  File "C:\ProgramData\Anaconda3\lib\socket.py", line 724, in create_connection
    raise err
  File "C:\ProgramData\Anaconda3\lib\socket.py", line 713, in create_connection
    sock.connect(sa)
TimeoutError: [WinError 10060] Se produjo un error durante el intento de conexión ya que la parte conectada no respondió adecuadamente tras un periodo de tiempo, o bien se produjo un error en la conexión establecida ya que el host conectado no ha podido responder

ERROR - [2020-Jun-02 08:39:41.717800] 127.0.0.1 POST http/api/formularios/mail?
ERROR - Traceback (most recent call last):
  File "E:\proyectos\CENACE-CE\API-CE\api\services\Formulario\endpoints\api_form.py", line 154, in post
    send_mail(str_html, "Notificación CENACE CE", [mail], "cenace_ce@cenace.org.ec")
  File "E:\proyectos\CENACE-CE\API-CE\my_lib\send_mail\send_mail.py", line 62, in send_mail
    server = smtplib.SMTP(SERVER)
  File "C:\ProgramData\Anaconda3\lib\smtplib.py", line 251, in __init__
    (code, msg) = self.connect(host, port)
  File "C:\ProgramData\Anaconda3\lib\smtplib.py", line 336, in connect
    self.sock = self._get_socket(host, port, self.timeout)
  File "C:\ProgramData\Anaconda3\lib\smtplib.py", line 307, in _get_socket
    self.source_address)
  File "C:\ProgramData\Anaconda3\lib\socket.py", line 724, in create_connection
    raise err
  File "C:\ProgramData\Anaconda3\lib\socket.py", line 713, in create_connection
    sock.connect(sa)
TimeoutError: [WinError 10060] Se produjo un error durante el intento de conexión ya que la parte conectada no respondió adecuadamente tras un periodo de tiempo, o bien se produjo un error en la conexión establecida ya que el host conectado no ha podido responder

ERROR - [2020-Jun-02 08:42:27.037860] 127.0.0.1 POST http/api/formularios/forma?
ERROR - Traceback (most recent call last):
  File "E:\proyectos\CENACE-CE\API-CE\api\services\Formulario\endpoints\api_form.py", line 63, in post
    denuncia.save()
  File "C:\ProgramData\Anaconda3\lib\site-packages\mongoengine\document.py", line 407, in save
    self.ensure_indexes()
  File "C:\ProgramData\Anaconda3\lib\site-packages\mongoengine\document.py", line 897, in ensure_indexes
    collection = cls._get_collection()
  File "C:\ProgramData\Anaconda3\lib\site-packages\mongoengine\document.py", line 220, in _get_collection
    cls.ensure_indexes()
  File "C:\ProgramData\Anaconda3\lib\site-packages\mongoengine\document.py", line 924, in ensure_indexes
    collection.create_index(fields, background=background, **opts)
  File "C:\ProgramData\Anaconda3\lib\site-packages\pymongo\collection.py", line 1971, in create_index
    self.__create_index(keys, kwargs, session, **cmd_options)
  File "C:\ProgramData\Anaconda3\lib\site-packages\pymongo\collection.py", line 1873, in __create_index
    session=session)
  File "C:\ProgramData\Anaconda3\lib\site-packages\pymongo\collection.py", line 252, in _command
    user_fields=user_fields)
  File "C:\ProgramData\Anaconda3\lib\site-packages\pymongo\pool.py", line 584, in command
    user_fields=user_fields)
  File "C:\ProgramData\Anaconda3\lib\site-packages\pymongo\network.py", line 158, in command
    parse_write_concern_error=parse_write_concern_error)
  File "C:\ProgramData\Anaconda3\lib\site-packages\pymongo\helpers.py", line 148, in _check_command_response
    raise DuplicateKeyError(errmsg, code, response)
pymongo.errors.DuplicateKeyError: E11000 duplicate key error collection: DB_TEST.DATA|Formulario index: id_forma_1 dup key: { id_forma: null }

ERROR - [2020-Jun-02 08:47:47.093727] 127.0.0.1 POST http/api/formularios/forma/undefined/evidencias?
ERROR - Traceback (most recent call last):
  File "E:\proyectos\CENACE-CE\API-CE\api\services\Formulario\endpoints\api_form.py", line 81, in post
    os.makedirs(destination)
  File "C:\ProgramData\Anaconda3\lib\os.py", line 220, in makedirs
    mkdir(name, mode)
FileExistsError: [WinError 183] No se puede crear un archivo que ya existe: 'E:\\proyectos\\CENACE-CE\\API-CE\\_db\\files\\undefined'

ERROR - [2020-Jun-02 08:48:08.202017] 127.0.0.1 POST http/api/formularios/mail?
ERROR - Traceback (most recent call last):
  File "E:\proyectos\CENACE-CE\API-CE\api\services\Formulario\endpoints\api_form.py", line 153, in post
    send_mail(str_html, "Notificación CENACE CE", [mail], "cenace_ce@cenace.org.ec")
  File "E:\proyectos\CENACE-CE\API-CE\my_lib\send_mail\send_mail.py", line 62, in send_mail
    server = smtplib.SMTP(SERVER)
  File "C:\ProgramData\Anaconda3\lib\smtplib.py", line 251, in __init__
    (code, msg) = self.connect(host, port)
  File "C:\ProgramData\Anaconda3\lib\smtplib.py", line 336, in connect
    self.sock = self._get_socket(host, port, self.timeout)
  File "C:\ProgramData\Anaconda3\lib\smtplib.py", line 307, in _get_socket
    self.source_address)
  File "C:\ProgramData\Anaconda3\lib\socket.py", line 724, in create_connection
    raise err
  File "C:\ProgramData\Anaconda3\lib\socket.py", line 713, in create_connection
    sock.connect(sa)
TimeoutError: [WinError 10060] Se produjo un error durante el intento de conexión ya que la parte conectada no respondió adecuadamente tras un periodo de tiempo, o bien se produjo un error en la conexión establecida ya que el host conectado no ha podido responder

ERROR - [2020-Jun-02 08:48:28.717370] 127.0.0.1 POST http/api/formularios/forma?
ERROR - Traceback (most recent call last):
  File "C:\ProgramData\Anaconda3\lib\site-packages\mongoengine\document.py", line 412, in save
    object_id = self._save_create(doc, force_insert, write_concern)
  File "C:\ProgramData\Anaconda3\lib\site-packages\mongoengine\document.py", line 477, in _save_create
    object_id = wc_collection.insert_one(doc).inserted_id
  File "C:\ProgramData\Anaconda3\lib\site-packages\pymongo\collection.py", line 700, in insert_one
    session=session),
  File "C:\ProgramData\Anaconda3\lib\site-packages\pymongo\collection.py", line 614, in _insert
    bypass_doc_val, session)
  File "C:\ProgramData\Anaconda3\lib\site-packages\pymongo\collection.py", line 602, in _insert_one
    acknowledged, _insert_command, session)
  File "C:\ProgramData\Anaconda3\lib\site-packages\pymongo\mongo_client.py", line 1280, in _retryable_write
    return self._retry_with_session(retryable, func, s, None)
  File "C:\ProgramData\Anaconda3\lib\site-packages\pymongo\mongo_client.py", line 1233, in _retry_with_session
    return func(session, sock_info, retryable)
  File "C:\ProgramData\Anaconda3\lib\site-packages\pymongo\collection.py", line 599, in _insert_command
    _check_write_command_response(result)
  File "C:\ProgramData\Anaconda3\lib\site-packages\pymongo\helpers.py", line 217, in _check_write_command_response
    _raise_last_write_error(write_errors)
  File "C:\ProgramData\Anaconda3\lib\site-packages\pymongo\helpers.py", line 198, in _raise_last_write_error
    raise DuplicateKeyError(error.get("errmsg"), 11000, error)
pymongo.errors.DuplicateKeyError: E11000 duplicate key error collection: DB_TEST.DATA|Formulario index: id_formulario_1 dup key: { id_formulario: null }

During handling of the above exception, another exception occurred:

Traceback (most recent call last):
  File "E:\proyectos\CENACE-CE\API-CE\api\services\Formulario\endpoints\api_form.py", line 63, in post
    denuncia.save()
  File "C:\ProgramData\Anaconda3\lib\site-packages\mongoengine\document.py", line 435, in save
    raise NotUniqueError(message % six.text_type(err))
mongoengine.errors.NotUniqueError: Tried to save duplicate unique keys (E11000 duplicate key error collection: DB_TEST.DATA|Formulario index: id_formulario_1 dup key: { id_formulario: null })

ERROR - [2020-Jun-02 08:53:13.119621] 127.0.0.1 POST http/api/formularios/forma?
ERROR - Traceback (most recent call last):
  File "C:\ProgramData\Anaconda3\lib\site-packages\mongoengine\document.py", line 412, in save
    object_id = self._save_create(doc, force_insert, write_concern)
  File "C:\ProgramData\Anaconda3\lib\site-packages\mongoengine\document.py", line 477, in _save_create
    object_id = wc_collection.insert_one(doc).inserted_id
  File "C:\ProgramData\Anaconda3\lib\site-packages\pymongo\collection.py", line 700, in insert_one
    session=session),
  File "C:\ProgramData\Anaconda3\lib\site-packages\pymongo\collection.py", line 614, in _insert
    bypass_doc_val, session)
  File "C:\ProgramData\Anaconda3\lib\site-packages\pymongo\collection.py", line 602, in _insert_one
    acknowledged, _insert_command, session)
  File "C:\ProgramData\Anaconda3\lib\site-packages\pymongo\mongo_client.py", line 1280, in _retryable_write
    return self._retry_with_session(retryable, func, s, None)
  File "C:\ProgramData\Anaconda3\lib\site-packages\pymongo\mongo_client.py", line 1233, in _retry_with_session
    return func(session, sock_info, retryable)
  File "C:\ProgramData\Anaconda3\lib\site-packages\pymongo\collection.py", line 599, in _insert_command
    _check_write_command_response(result)
  File "C:\ProgramData\Anaconda3\lib\site-packages\pymongo\helpers.py", line 217, in _check_write_command_response
    _raise_last_write_error(write_errors)
  File "C:\ProgramData\Anaconda3\lib\site-packages\pymongo\helpers.py", line 198, in _raise_last_write_error
    raise DuplicateKeyError(error.get("errmsg"), 11000, error)
pymongo.errors.DuplicateKeyError: E11000 duplicate key error collection: DB_TEST.DATA|Formulario index: id_formulario_1 dup key: { id_formulario: null }

During handling of the above exception, another exception occurred:

Traceback (most recent call last):
  File "E:\proyectos\CENACE-CE\API-CE\api\services\Formulario\endpoints\api_form.py", line 63, in post
    denuncia.save()
  File "C:\ProgramData\Anaconda3\lib\site-packages\mongoengine\document.py", line 435, in save
    raise NotUniqueError(message % six.text_type(err))
mongoengine.errors.NotUniqueError: Tried to save duplicate unique keys (E11000 duplicate key error collection: DB_TEST.DATA|Formulario index: id_formulario_1 dup key: { id_formulario: null })

ERROR - [2020-Jun-02 08:55:58.967115] 127.0.0.1 POST http/api/formularios/forma?
ERROR - Traceback (most recent call last):
  File "C:\ProgramData\Anaconda3\lib\site-packages\mongoengine\document.py", line 412, in save
    object_id = self._save_create(doc, force_insert, write_concern)
  File "C:\ProgramData\Anaconda3\lib\site-packages\mongoengine\document.py", line 477, in _save_create
    object_id = wc_collection.insert_one(doc).inserted_id
  File "C:\ProgramData\Anaconda3\lib\site-packages\pymongo\collection.py", line 700, in insert_one
    session=session),
  File "C:\ProgramData\Anaconda3\lib\site-packages\pymongo\collection.py", line 614, in _insert
    bypass_doc_val, session)
  File "C:\ProgramData\Anaconda3\lib\site-packages\pymongo\collection.py", line 602, in _insert_one
    acknowledged, _insert_command, session)
  File "C:\ProgramData\Anaconda3\lib\site-packages\pymongo\mongo_client.py", line 1280, in _retryable_write
    return self._retry_with_session(retryable, func, s, None)
  File "C:\ProgramData\Anaconda3\lib\site-packages\pymongo\mongo_client.py", line 1233, in _retry_with_session
    return func(session, sock_info, retryable)
  File "C:\ProgramData\Anaconda3\lib\site-packages\pymongo\collection.py", line 599, in _insert_command
    _check_write_command_response(result)
  File "C:\ProgramData\Anaconda3\lib\site-packages\pymongo\helpers.py", line 217, in _check_write_command_response
    _raise_last_write_error(write_errors)
  File "C:\ProgramData\Anaconda3\lib\site-packages\pymongo\helpers.py", line 198, in _raise_last_write_error
    raise DuplicateKeyError(error.get("errmsg"), 11000, error)
pymongo.errors.DuplicateKeyError: E11000 duplicate key error collection: DB_TEST.DATA|Formulario index: id_formulario_1 dup key: { id_formulario: null }

During handling of the above exception, another exception occurred:

Traceback (most recent call last):
  File "E:\proyectos\CENACE-CE\API-CE\api\services\Formulario\endpoints\api_form.py", line 63, in post
    forma.save()
  File "C:\ProgramData\Anaconda3\lib\site-packages\mongoengine\document.py", line 435, in save
    raise NotUniqueError(message % six.text_type(err))
mongoengine.errors.NotUniqueError: Tried to save duplicate unique keys (E11000 duplicate key error collection: DB_TEST.DATA|Formulario index: id_formulario_1 dup key: { id_formulario: null })

ERROR - [2020-Jun-02 09:00:20.133264] 127.0.0.1 POST http/api/formularios/mail?
ERROR - Traceback (most recent call last):
  File "E:\proyectos\CENACE-CE\API-CE\api\services\Formulario\endpoints\api_form.py", line 153, in post
    send_mail(str_html, "Notificación CENACE CE", [mail], "cenace_ce@cenace.org.ec")
  File "E:\proyectos\CENACE-CE\API-CE\my_lib\send_mail\send_mail.py", line 62, in send_mail
    server = smtplib.SMTP(SERVER)
  File "C:\ProgramData\Anaconda3\lib\smtplib.py", line 251, in __init__
    (code, msg) = self.connect(host, port)
  File "C:\ProgramData\Anaconda3\lib\smtplib.py", line 336, in connect
    self.sock = self._get_socket(host, port, self.timeout)
  File "C:\ProgramData\Anaconda3\lib\smtplib.py", line 307, in _get_socket
    self.source_address)
  File "C:\ProgramData\Anaconda3\lib\socket.py", line 724, in create_connection
    raise err
  File "C:\ProgramData\Anaconda3\lib\socket.py", line 713, in create_connection
    sock.connect(sa)
TimeoutError: [WinError 10060] Se produjo un error durante el intento de conexión ya que la parte conectada no respondió adecuadamente tras un periodo de tiempo, o bien se produjo un error en la conexión establecida ya que el host conectado no ha podido responder

ERROR - [2020-Jun-02 09:02:06.380072] 127.0.0.1 POST http/api/formularios/mail?
ERROR - Traceback (most recent call last):
  File "E:\proyectos\CENACE-CE\API-CE\api\services\Formulario\endpoints\api_form.py", line 153, in post
    send_mail(str_html, "Notificación CENACE CE", [mail], "cenace_ce@cenace.org.ec")
  File "E:\proyectos\CENACE-CE\API-CE\my_lib\send_mail\send_mail.py", line 62, in send_mail
    server = smtplib.SMTP(SERVER)
  File "C:\ProgramData\Anaconda3\lib\smtplib.py", line 251, in __init__
    (code, msg) = self.connect(host, port)
  File "C:\ProgramData\Anaconda3\lib\smtplib.py", line 336, in connect
    self.sock = self._get_socket(host, port, self.timeout)
  File "C:\ProgramData\Anaconda3\lib\smtplib.py", line 307, in _get_socket
    self.source_address)
  File "C:\ProgramData\Anaconda3\lib\socket.py", line 724, in create_connection
    raise err
  File "C:\ProgramData\Anaconda3\lib\socket.py", line 713, in create_connection
    sock.connect(sa)
TimeoutError: [WinError 10060] Se produjo un error durante el intento de conexión ya que la parte conectada no respondió adecuadamente tras un periodo de tiempo, o bien se produjo un error en la conexión establecida ya que el host conectado no ha podido responder

ERROR - [2020-Jun-02 09:06:47.982433] 127.0.0.1 POST http/api/formularios/mail?
ERROR - Traceback (most recent call last):
  File "E:\proyectos\CENACE-CE\API-CE\api\services\Formulario\endpoints\api_form.py", line 153, in post
    send_mail(str_html, "Notificación CENACE CE", [mail], "cenace_ce@cenace.org.ec")
  File "E:\proyectos\CENACE-CE\API-CE\my_lib\send_mail\send_mail.py", line 62, in send_mail
    server = smtplib.SMTP(SERVER)
  File "C:\ProgramData\Anaconda3\lib\smtplib.py", line 251, in __init__
    (code, msg) = self.connect(host, port)
  File "C:\ProgramData\Anaconda3\lib\smtplib.py", line 336, in connect
    self.sock = self._get_socket(host, port, self.timeout)
  File "C:\ProgramData\Anaconda3\lib\smtplib.py", line 307, in _get_socket
    self.source_address)
  File "C:\ProgramData\Anaconda3\lib\socket.py", line 724, in create_connection
    raise err
  File "C:\ProgramData\Anaconda3\lib\socket.py", line 713, in create_connection
    sock.connect(sa)
TimeoutError: [WinError 10060] Se produjo un error durante el intento de conexión ya que la parte conectada no respondió adecuadamente tras un periodo de tiempo, o bien se produjo un error en la conexión establecida ya que el host conectado no ha podido responder

ERROR - [2020-Jun-02 09:08:19.598994] 127.0.0.1 POST http/api/formularios/forma?
ERROR - Traceback (most recent call last):
  File "C:\ProgramData\Anaconda3\lib\site-packages\flask_restplus\model.py", line 100, in validate
    validator.validate(data)
  File "C:\ProgramData\Anaconda3\lib\site-packages\jsonschema\validators.py", line 353, in validate
    raise error
jsonschema.exceptions.ValidationError: 0 is not of type 'string'

Failed validating 'type' in schema['properties']['telefono']:
    {'description': 'Teléfono de contacto', 'type': 'string'}

On instance['telefono']:
    0

During handling of the above exception, another exception occurred:

Traceback (most recent call last):
  File "C:\ProgramData\Anaconda3\lib\site-packages\flask\app.py", line 1950, in full_dispatch_request
    rv = self.dispatch_request()
  File "C:\ProgramData\Anaconda3\lib\site-packages\flask\app.py", line 1936, in dispatch_request
    return self.view_functions[rule.endpoint](**req.view_args)
  File "C:\ProgramData\Anaconda3\lib\site-packages\flask_restplus\api.py", line 325, in wrapper
    resp = resource(*args, **kwargs)
  File "C:\ProgramData\Anaconda3\lib\site-packages\flask\views.py", line 89, in view
    return self.dispatch_request(*args, **kwargs)
  File "C:\ProgramData\Anaconda3\lib\site-packages\flask_restplus\resource.py", line 42, in dispatch_request
    self.validate_payload(meth)
  File "C:\ProgramData\Anaconda3\lib\site-packages\flask_restplus\resource.py", line 88, in validate_payload
    self.__validate_payload(expect, collection=False)
  File "C:\ProgramData\Anaconda3\lib\site-packages\flask_restplus\resource.py", line 73, in __validate_payload
    expect.validate(data, self.api.refresolver, self.api.format_checker)
  File "C:\ProgramData\Anaconda3\lib\site-packages\flask_restplus\model.py", line 103, in validate
    errors=dict(self.format_error(e) for e in validator.iter_errors(data)))
  File "C:\ProgramData\Anaconda3\lib\site-packages\flask_restplus\errors.py", line 31, in abort
    flask.abort(code)
  File "C:\ProgramData\Anaconda3\lib\site-packages\werkzeug\exceptions.py", line 772, in abort
    return _aborter(status, *args, **kwargs)
  File "C:\ProgramData\Anaconda3\lib\site-packages\werkzeug\exceptions.py", line 753, in __call__
    raise self.mapping[code](*args, **kwargs)
werkzeug.exceptions.BadRequest: 400 Bad Request: The browser (or proxy) sent a request that this server could not understand.

ERROR - [2020-Jun-02 09:08:19.903515] 127.0.0.1 POST http/api/formularios/mail?
ERROR - Traceback (most recent call last):
  File "C:\ProgramData\Anaconda3\lib\site-packages\flask_restplus\model.py", line 100, in validate
    validator.validate(data)
  File "C:\ProgramData\Anaconda3\lib\site-packages\jsonschema\validators.py", line 353, in validate
    raise error
jsonschema.exceptions.ValidationError: 0 is not of type 'string'

Failed validating 'type' in schema['properties']['telefono']:
    {'description': 'Teléfono de contacto', 'type': 'string'}

On instance['telefono']:
    0

During handling of the above exception, another exception occurred:

Traceback (most recent call last):
  File "C:\ProgramData\Anaconda3\lib\site-packages\flask\app.py", line 1950, in full_dispatch_request
    rv = self.dispatch_request()
  File "C:\ProgramData\Anaconda3\lib\site-packages\flask\app.py", line 1936, in dispatch_request
    return self.view_functions[rule.endpoint](**req.view_args)
  File "C:\ProgramData\Anaconda3\lib\site-packages\flask_restplus\api.py", line 325, in wrapper
    resp = resource(*args, **kwargs)
  File "C:\ProgramData\Anaconda3\lib\site-packages\flask\views.py", line 89, in view
    return self.dispatch_request(*args, **kwargs)
  File "C:\ProgramData\Anaconda3\lib\site-packages\flask_restplus\resource.py", line 42, in dispatch_request
    self.validate_payload(meth)
  File "C:\ProgramData\Anaconda3\lib\site-packages\flask_restplus\resource.py", line 88, in validate_payload
    self.__validate_payload(expect, collection=False)
  File "C:\ProgramData\Anaconda3\lib\site-packages\flask_restplus\resource.py", line 73, in __validate_payload
    expect.validate(data, self.api.refresolver, self.api.format_checker)
  File "C:\ProgramData\Anaconda3\lib\site-packages\flask_restplus\model.py", line 103, in validate
    errors=dict(self.format_error(e) for e in validator.iter_errors(data)))
  File "C:\ProgramData\Anaconda3\lib\site-packages\flask_restplus\errors.py", line 31, in abort
    flask.abort(code)
  File "C:\ProgramData\Anaconda3\lib\site-packages\werkzeug\exceptions.py", line 772, in abort
    return _aborter(status, *args, **kwargs)
  File "C:\ProgramData\Anaconda3\lib\site-packages\werkzeug\exceptions.py", line 753, in __call__
    raise self.mapping[code](*args, **kwargs)
werkzeug.exceptions.BadRequest: 400 Bad Request: The browser (or proxy) sent a request that this server could not understand.

ERROR - [2020-Jun-02 09:09:29.875369] 127.0.0.1 POST http/api/formularios/mail?
ERROR - Traceback (most recent call last):
  File "E:\proyectos\CENACE-CE\API-CE\api\services\Formulario\endpoints\api_form.py", line 153, in post
    send_mail(str_html, "Notificación CENACE CE", [mail], "cenace_ce@cenace.org.ec")
  File "E:\proyectos\CENACE-CE\API-CE\my_lib\send_mail\send_mail.py", line 62, in send_mail
    server = smtplib.SMTP(SERVER)
  File "C:\ProgramData\Anaconda3\lib\smtplib.py", line 251, in __init__
    (code, msg) = self.connect(host, port)
  File "C:\ProgramData\Anaconda3\lib\smtplib.py", line 336, in connect
    self.sock = self._get_socket(host, port, self.timeout)
  File "C:\ProgramData\Anaconda3\lib\smtplib.py", line 307, in _get_socket
    self.source_address)
  File "C:\ProgramData\Anaconda3\lib\socket.py", line 724, in create_connection
    raise err
  File "C:\ProgramData\Anaconda3\lib\socket.py", line 713, in create_connection
    sock.connect(sa)
TimeoutError: [WinError 10060] Se produjo un error durante el intento de conexión ya que la parte conectada no respondió adecuadamente tras un periodo de tiempo, o bien se produjo un error en la conexión establecida ya que el host conectado no ha podido responder

ERROR - [2020-Jun-02 09:10:10.135518] 127.0.0.1 POST http/api/formularios/mail?
ERROR - Traceback (most recent call last):
  File "E:\proyectos\CENACE-CE\API-CE\api\services\Formulario\endpoints\api_form.py", line 153, in post
    send_mail(str_html, "Notificación CENACE CE", [mail], "cenace_ce@cenace.org.ec")
  File "E:\proyectos\CENACE-CE\API-CE\my_lib\send_mail\send_mail.py", line 62, in send_mail
    server = smtplib.SMTP(SERVER)
  File "C:\ProgramData\Anaconda3\lib\smtplib.py", line 251, in __init__
    (code, msg) = self.connect(host, port)
  File "C:\ProgramData\Anaconda3\lib\smtplib.py", line 336, in connect
    self.sock = self._get_socket(host, port, self.timeout)
  File "C:\ProgramData\Anaconda3\lib\smtplib.py", line 307, in _get_socket
    self.source_address)
  File "C:\ProgramData\Anaconda3\lib\socket.py", line 724, in create_connection
    raise err
  File "C:\ProgramData\Anaconda3\lib\socket.py", line 713, in create_connection
    sock.connect(sa)
TimeoutError: [WinError 10060] Se produjo un error durante el intento de conexión ya que la parte conectada no respondió adecuadamente tras un periodo de tiempo, o bien se produjo un error en la conexión establecida ya que el host conectado no ha podido responder

